{"/Users/Calvin/Next Academy/luno-premium/index.js": {"path":"/Users/Calvin/Next Academy/luno-premium/index.js","statementMap":{"0":{"start":{"line":13,"column":25},"end":{"line":13,"column":50}},"1":{"start":{"line":14,"column":22},"end":{"line":14,"column":44}},"2":{"start":{"line":15,"column":26},"end":{"line":15,"column":79}},"3":{"start":{"line":16,"column":18},"end":{"line":16,"column":36}},"4":{"start":{"line":17,"column":20},"end":{"line":17,"column":64}},"5":{"start":{"line":18,"column":22},"end":{"line":18,"column":68}},"6":{"start":{"line":21,"column":2},"end":{"line":21,"column":73}},"7":{"start":{"line":22,"column":2},"end":{"line":22,"column":49}},"8":{"start":{"line":23,"column":2},"end":{"line":23,"column":74}},"9":{"start":{"line":24,"column":2},"end":{"line":24,"column":70}},"10":{"start":{"line":25,"column":2},"end":{"line":25,"column":64}},"11":{"start":{"line":26,"column":2},"end":{"line":26,"column":72}},"12":{"start":{"line":29,"column":2},"end":{"line":29,"column":22}},"13":{"start":{"line":33,"column":0},"end":{"line":33,"column":21}}},"fnMap":{"0":{"name":"lunoPremiumProject","decl":{"start":{"line":12,"column":22},"end":{"line":12,"column":40}},"loc":{"start":{"line":12,"column":43},"end":{"line":30,"column":1}},"line":12}},"branchMap":{},"s":{"0":2,"1":2,"2":2,"3":2,"4":2,"5":2,"6":2,"7":2,"8":2,"9":2,"10":2,"11":2,"12":2,"13":1},"f":{"0":2},"b":{},"_coverageSchema":"1a1c01bbd47fc00a2c39e90264f33305004495a9","hash":"b6d9dbd1c69f9cdd6ac44d2739138a875c4171f1"}
,"/Users/Calvin/Next Academy/luno-premium/lib/binance.js": {"path":"/Users/Calvin/Next Academy/luno-premium/lib/binance.js","statementMap":{"0":{"start":{"line":6,"column":2},"end":{"line":22,"column":3}},"1":{"start":{"line":7,"column":20},"end":{"line":7,"column":33}},"2":{"start":{"line":8,"column":19},"end":{"line":8,"column":41}},"3":{"start":{"line":11,"column":4},"end":{"line":15,"column":5}},"4":{"start":{"line":12,"column":6},"end":{"line":12,"column":29}},"5":{"start":{"line":14,"column":6},"end":{"line":14,"column":26}},"6":{"start":{"line":18,"column":4},"end":{"line":20,"column":5}},"7":{"start":{"line":19,"column":6},"end":{"line":19,"column":79}},"8":{"start":{"line":21,"column":4},"end":{"line":21,"column":14}}},"fnMap":{"0":{"name":"getBinance","decl":{"start":{"line":5,"column":22},"end":{"line":5,"column":32}},"loc":{"start":{"line":5,"column":35},"end":{"line":23,"column":1}},"line":5}},"branchMap":{"0":{"loc":{"start":{"line":11,"column":4},"end":{"line":15,"column":5}},"type":"if","locations":[{"start":{"line":11,"column":4},"end":{"line":15,"column":5}},{"start":{"line":13,"column":11},"end":{"line":15,"column":5}}],"line":11},"1":{"loc":{"start":{"line":18,"column":4},"end":{"line":20,"column":5}},"type":"if","locations":[{"start":{"line":18,"column":4},"end":{"line":20,"column":5}},{"start":{},"end":{}}],"line":18}},"s":{"0":2,"1":2,"2":2,"3":2,"4":0,"5":2,"6":2,"7":2,"8":0},"f":{"0":2},"b":{"0":[0,2],"1":[2,0]},"_coverageSchema":"1a1c01bbd47fc00a2c39e90264f33305004495a9","hash":"c0c252024a4b796f738726424feec74d612be68d"}
,"/Users/Calvin/Next Academy/luno-premium/lib/calculation.js": {"path":"/Users/Calvin/Next Academy/luno-premium/lib/calculation.js","statementMap":{"0":{"start":{"line":8,"column":2},"end":{"line":26,"column":3}},"1":{"start":{"line":10,"column":20},"end":{"line":10,"column":45}},"2":{"start":{"line":11,"column":27},"end":{"line":11,"column":49}},"3":{"start":{"line":12,"column":25},"end":{"line":12,"column":49}},"4":{"start":{"line":15,"column":4},"end":{"line":19,"column":5}},"5":{"start":{"line":16,"column":6},"end":{"line":16,"column":27}},"6":{"start":{"line":18,"column":6},"end":{"line":18,"column":33}},"7":{"start":{"line":22,"column":4},"end":{"line":24,"column":5}},"8":{"start":{"line":23,"column":6},"end":{"line":23,"column":72}},"9":{"start":{"line":25,"column":4},"end":{"line":25,"column":14}},"10":{"start":{"line":31,"column":2},"end":{"line":49,"column":3}},"11":{"start":{"line":33,"column":25},"end":{"line":33,"column":43}},"12":{"start":{"line":34,"column":22},"end":{"line":34,"column":48}},"13":{"start":{"line":35,"column":22},"end":{"line":35,"column":46}},"14":{"start":{"line":38,"column":4},"end":{"line":42,"column":5}},"15":{"start":{"line":39,"column":6},"end":{"line":39,"column":23}},"16":{"start":{"line":41,"column":6},"end":{"line":41,"column":33}},"17":{"start":{"line":45,"column":4},"end":{"line":47,"column":5}},"18":{"start":{"line":46,"column":6},"end":{"line":46,"column":74}},"19":{"start":{"line":48,"column":4},"end":{"line":48,"column":14}},"20":{"start":{"line":54,"column":2},"end":{"line":72,"column":3}},"21":{"start":{"line":56,"column":25},"end":{"line":56,"column":43}},"22":{"start":{"line":57,"column":22},"end":{"line":57,"column":48}},"23":{"start":{"line":58,"column":24},"end":{"line":58,"column":70}},"24":{"start":{"line":61,"column":4},"end":{"line":65,"column":5}},"25":{"start":{"line":62,"column":6},"end":{"line":62,"column":25}},"26":{"start":{"line":64,"column":6},"end":{"line":64,"column":33}},"27":{"start":{"line":68,"column":4},"end":{"line":70,"column":5}},"28":{"start":{"line":69,"column":6},"end":{"line":69,"column":68}},"29":{"start":{"line":71,"column":4},"end":{"line":71,"column":14}}},"fnMap":{"0":{"name":"getLunoXbtUsdcRate","decl":{"start":{"line":7,"column":22},"end":{"line":7,"column":40}},"loc":{"start":{"line":7,"column":43},"end":{"line":27,"column":1}},"line":7},"1":{"name":"getPriceDiff","decl":{"start":{"line":30,"column":22},"end":{"line":30,"column":34}},"loc":{"start":{"line":30,"column":37},"end":{"line":50,"column":1}},"line":30},"2":{"name":"getLunoPremium","decl":{"start":{"line":53,"column":22},"end":{"line":53,"column":36}},"loc":{"start":{"line":53,"column":39},"end":{"line":73,"column":1}},"line":53}},"branchMap":{"0":{"loc":{"start":{"line":15,"column":4},"end":{"line":19,"column":5}},"type":"if","locations":[{"start":{"line":15,"column":4},"end":{"line":19,"column":5}},{"start":{"line":17,"column":11},"end":{"line":19,"column":5}}],"line":15},"1":{"loc":{"start":{"line":22,"column":4},"end":{"line":24,"column":5}},"type":"if","locations":[{"start":{"line":22,"column":4},"end":{"line":24,"column":5}},{"start":{},"end":{}}],"line":22},"2":{"loc":{"start":{"line":38,"column":4},"end":{"line":42,"column":5}},"type":"if","locations":[{"start":{"line":38,"column":4},"end":{"line":42,"column":5}},{"start":{"line":40,"column":11},"end":{"line":42,"column":5}}],"line":38},"3":{"loc":{"start":{"line":45,"column":4},"end":{"line":47,"column":5}},"type":"if","locations":[{"start":{"line":45,"column":4},"end":{"line":47,"column":5}},{"start":{},"end":{}}],"line":45},"4":{"loc":{"start":{"line":61,"column":4},"end":{"line":65,"column":5}},"type":"if","locations":[{"start":{"line":61,"column":4},"end":{"line":65,"column":5}},{"start":{"line":63,"column":11},"end":{"line":65,"column":5}}],"line":61},"5":{"loc":{"start":{"line":68,"column":4},"end":{"line":70,"column":5}},"type":"if","locations":[{"start":{"line":68,"column":4},"end":{"line":70,"column":5}},{"start":{},"end":{}}],"line":68}},"s":{"0":7,"1":7,"2":7,"3":7,"4":7,"5":7,"6":0,"7":0,"8":0,"9":0,"10":2,"11":2,"12":2,"13":2,"14":2,"15":2,"16":0,"17":0,"18":0,"19":0,"20":2,"21":2,"22":2,"23":2,"24":2,"25":2,"26":0,"27":0,"28":0,"29":0},"f":{"0":7,"1":2,"2":2},"b":{"0":[7,0],"1":[0,0],"2":[2,0],"3":[0,0],"4":[2,0],"5":[0,0]},"_coverageSchema":"1a1c01bbd47fc00a2c39e90264f33305004495a9","hash":"c6873d65a90c36b9d866ef5d34ea74b32c066b52"}
,"/Users/Calvin/Next Academy/luno-premium/lib/convert-rate.js": {"path":"/Users/Calvin/Next Academy/luno-premium/lib/convert-rate.js","statementMap":{"0":{"start":{"line":4,"column":18},"end":{"line":4,"column":31}},"1":{"start":{"line":5,"column":2},"end":{"line":5,"column":65}},"2":{"start":{"line":8,"column":23},"end":{"line":12,"column":3}},"3":{"start":{"line":14,"column":2},"end":{"line":36,"column":3}},"4":{"start":{"line":16,"column":19},"end":{"line":19,"column":5}},"5":{"start":{"line":21,"column":24},"end":{"line":21,"column":43}},"6":{"start":{"line":24,"column":4},"end":{"line":28,"column":5}},"7":{"start":{"line":25,"column":6},"end":{"line":25,"column":33}},"8":{"start":{"line":27,"column":6},"end":{"line":27,"column":26}},"9":{"start":{"line":31,"column":4},"end":{"line":34,"column":5}},"10":{"start":{"line":33,"column":6},"end":{"line":33,"column":81}},"11":{"start":{"line":35,"column":4},"end":{"line":35,"column":14}}},"fnMap":{"0":{"name":"getConvertRate","decl":{"start":{"line":2,"column":22},"end":{"line":2,"column":36}},"loc":{"start":{"line":2,"column":39},"end":{"line":37,"column":1}},"line":2}},"branchMap":{"0":{"loc":{"start":{"line":24,"column":4},"end":{"line":28,"column":5}},"type":"if","locations":[{"start":{"line":24,"column":4},"end":{"line":28,"column":5}},{"start":{"line":26,"column":11},"end":{"line":28,"column":5}}],"line":24},"1":{"loc":{"start":{"line":31,"column":4},"end":{"line":34,"column":5}},"type":"if","locations":[{"start":{"line":31,"column":4},"end":{"line":34,"column":5}},{"start":{},"end":{}}],"line":31}},"s":{"0":2,"1":2,"2":2,"3":2,"4":2,"5":2,"6":2,"7":1,"8":1,"9":1,"10":1,"11":0},"f":{"0":2},"b":{"0":[1,1],"1":[1,0]},"_coverageSchema":"1a1c01bbd47fc00a2c39e90264f33305004495a9","hash":"8471a77b040a7f330c4697cb483508f03dd99665"}
,"/Users/Calvin/Next Academy/luno-premium/lib/luno-myr.js": {"path":"/Users/Calvin/Next Academy/luno-premium/lib/luno-myr.js","statementMap":{"0":{"start":{"line":3,"column":2},"end":{"line":22,"column":3}},"1":{"start":{"line":5,"column":30},"end":{"line":7,"column":5}},"2":{"start":{"line":10,"column":4},"end":{"line":15,"column":5}},"3":{"start":{"line":11,"column":29},"end":{"line":11,"column":59}},"4":{"start":{"line":12,"column":6},"end":{"line":12,"column":40}},"5":{"start":{"line":14,"column":6},"end":{"line":14,"column":26}},"6":{"start":{"line":18,"column":4},"end":{"line":20,"column":5}},"7":{"start":{"line":19,"column":6},"end":{"line":19,"column":77}},"8":{"start":{"line":21,"column":4},"end":{"line":21,"column":14}}},"fnMap":{"0":{"name":"getLunoXbtMyrRate","decl":{"start":{"line":2,"column":22},"end":{"line":2,"column":39}},"loc":{"start":{"line":2,"column":42},"end":{"line":23,"column":1}},"line":2}},"branchMap":{"0":{"loc":{"start":{"line":10,"column":4},"end":{"line":15,"column":5}},"type":"if","locations":[{"start":{"line":10,"column":4},"end":{"line":15,"column":5}},{"start":{"line":13,"column":11},"end":{"line":15,"column":5}}],"line":10},"1":{"loc":{"start":{"line":18,"column":4},"end":{"line":20,"column":5}},"type":"if","locations":[{"start":{"line":18,"column":4},"end":{"line":20,"column":5}},{"start":{},"end":{}}],"line":18}},"s":{"0":2,"1":2,"2":2,"3":1,"4":1,"5":1,"6":1,"7":1,"8":0},"f":{"0":2},"b":{"0":[1,1],"1":[1,0]},"_coverageSchema":"1a1c01bbd47fc00a2c39e90264f33305004495a9","hash":"a25067112ebdfd8cdb5360b0222a3e0a3e773dcc"}
}
