{"/Users/Calvin/Next Academy/luno-premium/index.js": {"path":"/Users/Calvin/Next Academy/luno-premium/index.js","statementMap":{"0":{"start":{"line":99,"column":25},"end":{"line":99,"column":50}},"1":{"start":{"line":100,"column":22},"end":{"line":100,"column":44}},"2":{"start":{"line":101,"column":26},"end":{"line":101,"column":52}},"3":{"start":{"line":102,"column":18},"end":{"line":102,"column":36}},"4":{"start":{"line":103,"column":20},"end":{"line":103,"column":40}},"5":{"start":{"line":104,"column":22},"end":{"line":104,"column":44}},"6":{"start":{"line":105,"column":2},"end":{"line":105,"column":73}},"7":{"start":{"line":106,"column":2},"end":{"line":106,"column":49}},"8":{"start":{"line":107,"column":2},"end":{"line":107,"column":74}},"9":{"start":{"line":108,"column":2},"end":{"line":108,"column":70}},"10":{"start":{"line":109,"column":2},"end":{"line":109,"column":64}},"11":{"start":{"line":110,"column":2},"end":{"line":110,"column":71}},"12":{"start":{"line":112,"column":2},"end":{"line":112,"column":28}},"13":{"start":{"line":114,"column":0},"end":{"line":114,"column":21}}},"fnMap":{"0":{"name":"lunoPremiumProject","decl":{"start":{"line":98,"column":22},"end":{"line":98,"column":40}},"loc":{"start":{"line":98,"column":43},"end":{"line":113,"column":1}},"line":98}},"branchMap":{},"s":{"0":2,"1":2,"2":2,"3":2,"4":2,"5":2,"6":2,"7":2,"8":2,"9":2,"10":2,"11":2,"12":2,"13":1},"f":{"0":2},"b":{},"_coverageSchema":"1a1c01bbd47fc00a2c39e90264f33305004495a9","hash":"de2c1b5bda35bfca648bf046bafa3caa631fa35e"}
,"/Users/Calvin/Next Academy/luno-premium/lib/binance.js": {"path":"/Users/Calvin/Next Academy/luno-premium/lib/binance.js","statementMap":{"0":{"start":{"line":4,"column":4},"end":{"line":17,"column":3}},"1":{"start":{"line":5,"column":22},"end":{"line":5,"column":35}},"2":{"start":{"line":6,"column":21},"end":{"line":6,"column":43}},"3":{"start":{"line":7,"column":6},"end":{"line":11,"column":5}},"4":{"start":{"line":8,"column":10},"end":{"line":8,"column":33}},"5":{"start":{"line":10,"column":10},"end":{"line":10,"column":29}},"6":{"start":{"line":13,"column":6},"end":{"line":15,"column":7}},"7":{"start":{"line":14,"column":10},"end":{"line":14,"column":81}},"8":{"start":{"line":16,"column":6},"end":{"line":16,"column":16}}},"fnMap":{"0":{"name":"getBinance","decl":{"start":{"line":3,"column":22},"end":{"line":3,"column":32}},"loc":{"start":{"line":3,"column":35},"end":{"line":18,"column":1}},"line":3}},"branchMap":{"0":{"loc":{"start":{"line":7,"column":6},"end":{"line":11,"column":5}},"type":"if","locations":[{"start":{"line":7,"column":6},"end":{"line":11,"column":5}},{"start":{"line":9,"column":11},"end":{"line":11,"column":5}}],"line":7},"1":{"loc":{"start":{"line":13,"column":6},"end":{"line":15,"column":7}},"type":"if","locations":[{"start":{"line":13,"column":6},"end":{"line":15,"column":7}},{"start":{},"end":{}}],"line":13}},"s":{"0":2,"1":2,"2":2,"3":2,"4":0,"5":2,"6":2,"7":2,"8":0},"f":{"0":2},"b":{"0":[0,2],"1":[2,0]},"_coverageSchema":"1a1c01bbd47fc00a2c39e90264f33305004495a9","hash":"ea8217777480dbcdfc62de7803f83f1b072e5962"}
,"/Users/Calvin/Next Academy/luno-premium/lib/calculation.js": {"path":"/Users/Calvin/Next Academy/luno-premium/lib/calculation.js","statementMap":{"0":{"start":{"line":6,"column":4},"end":{"line":21,"column":3}},"1":{"start":{"line":7,"column":24},"end":{"line":7,"column":49}},"2":{"start":{"line":8,"column":31},"end":{"line":8,"column":53}},"3":{"start":{"line":9,"column":29},"end":{"line":9,"column":53}},"4":{"start":{"line":11,"column":8},"end":{"line":15,"column":5}},"5":{"start":{"line":12,"column":12},"end":{"line":12,"column":33}},"6":{"start":{"line":14,"column":8},"end":{"line":14,"column":34}},"7":{"start":{"line":17,"column":8},"end":{"line":19,"column":9}},"8":{"start":{"line":18,"column":12},"end":{"line":18,"column":77}},"9":{"start":{"line":20,"column":4},"end":{"line":20,"column":14}},"10":{"start":{"line":25,"column":4},"end":{"line":40,"column":3}},"11":{"start":{"line":26,"column":24},"end":{"line":26,"column":42}},"12":{"start":{"line":27,"column":26},"end":{"line":27,"column":52}},"13":{"start":{"line":28,"column":26},"end":{"line":28,"column":45}},"14":{"start":{"line":30,"column":8},"end":{"line":34,"column":5}},"15":{"start":{"line":31,"column":12},"end":{"line":31,"column":29}},"16":{"start":{"line":33,"column":8},"end":{"line":33,"column":33}},"17":{"start":{"line":36,"column":8},"end":{"line":38,"column":9}},"18":{"start":{"line":37,"column":12},"end":{"line":37,"column":79}},"19":{"start":{"line":39,"column":4},"end":{"line":39,"column":14}},"20":{"start":{"line":44,"column":4},"end":{"line":59,"column":3}},"21":{"start":{"line":45,"column":24},"end":{"line":45,"column":42}},"22":{"start":{"line":46,"column":26},"end":{"line":46,"column":52}},"23":{"start":{"line":47,"column":28},"end":{"line":47,"column":69}},"24":{"start":{"line":49,"column":8},"end":{"line":53,"column":5}},"25":{"start":{"line":50,"column":12},"end":{"line":50,"column":31}},"26":{"start":{"line":52,"column":8},"end":{"line":52,"column":33}},"27":{"start":{"line":55,"column":8},"end":{"line":57,"column":9}},"28":{"start":{"line":56,"column":12},"end":{"line":56,"column":73}},"29":{"start":{"line":58,"column":4},"end":{"line":58,"column":14}}},"fnMap":{"0":{"name":"getLunoXbtUsdcRate","decl":{"start":{"line":5,"column":22},"end":{"line":5,"column":40}},"loc":{"start":{"line":5,"column":43},"end":{"line":22,"column":1}},"line":5},"1":{"name":"getPriceDiff","decl":{"start":{"line":24,"column":22},"end":{"line":24,"column":34}},"loc":{"start":{"line":24,"column":37},"end":{"line":41,"column":1}},"line":24},"2":{"name":"getLunoPremium","decl":{"start":{"line":43,"column":22},"end":{"line":43,"column":36}},"loc":{"start":{"line":43,"column":39},"end":{"line":60,"column":1}},"line":43}},"branchMap":{"0":{"loc":{"start":{"line":11,"column":8},"end":{"line":15,"column":5}},"type":"if","locations":[{"start":{"line":11,"column":8},"end":{"line":15,"column":5}},{"start":{"line":13,"column":11},"end":{"line":15,"column":5}}],"line":11},"1":{"loc":{"start":{"line":17,"column":8},"end":{"line":19,"column":9}},"type":"if","locations":[{"start":{"line":17,"column":8},"end":{"line":19,"column":9}},{"start":{},"end":{}}],"line":17},"2":{"loc":{"start":{"line":30,"column":8},"end":{"line":34,"column":5}},"type":"if","locations":[{"start":{"line":30,"column":8},"end":{"line":34,"column":5}},{"start":{"line":32,"column":11},"end":{"line":34,"column":5}}],"line":30},"3":{"loc":{"start":{"line":36,"column":8},"end":{"line":38,"column":9}},"type":"if","locations":[{"start":{"line":36,"column":8},"end":{"line":38,"column":9}},{"start":{},"end":{}}],"line":36},"4":{"loc":{"start":{"line":49,"column":8},"end":{"line":53,"column":5}},"type":"if","locations":[{"start":{"line":49,"column":8},"end":{"line":53,"column":5}},{"start":{"line":51,"column":11},"end":{"line":53,"column":5}}],"line":49},"5":{"loc":{"start":{"line":55,"column":8},"end":{"line":57,"column":9}},"type":"if","locations":[{"start":{"line":55,"column":8},"end":{"line":57,"column":9}},{"start":{},"end":{}}],"line":55}},"s":{"0":7,"1":7,"2":7,"3":7,"4":7,"5":7,"6":0,"7":0,"8":0,"9":0,"10":2,"11":2,"12":2,"13":2,"14":2,"15":2,"16":0,"17":0,"18":0,"19":0,"20":2,"21":2,"22":2,"23":2,"24":2,"25":2,"26":0,"27":0,"28":0,"29":0},"f":{"0":7,"1":2,"2":2},"b":{"0":[7,0],"1":[0,0],"2":[2,0],"3":[0,0],"4":[2,0],"5":[0,0]},"_coverageSchema":"1a1c01bbd47fc00a2c39e90264f33305004495a9","hash":"b743c1923b6367b5941decac1fb4e3450dc61a18"}
,"/Users/Calvin/Next Academy/luno-premium/lib/convert-rate.js": {"path":"/Users/Calvin/Next Academy/luno-premium/lib/convert-rate.js","statementMap":{"0":{"start":{"line":2,"column":18},"end":{"line":2,"column":31}},"1":{"start":{"line":3,"column":2},"end":{"line":3,"column":65}},"2":{"start":{"line":5,"column":23},"end":{"line":9,"column":1}},"3":{"start":{"line":11,"column":2},"end":{"line":24,"column":3}},"4":{"start":{"line":12,"column":19},"end":{"line":12,"column":113}},"5":{"start":{"line":13,"column":24},"end":{"line":13,"column":43}},"6":{"start":{"line":14,"column":4},"end":{"line":18,"column":3}},"7":{"start":{"line":15,"column":6},"end":{"line":15,"column":33}},"8":{"start":{"line":17,"column":6},"end":{"line":17,"column":25}},"9":{"start":{"line":20,"column":4},"end":{"line":22,"column":3}},"10":{"start":{"line":21,"column":6},"end":{"line":21,"column":79}},"11":{"start":{"line":23,"column":2},"end":{"line":23,"column":12}}},"fnMap":{"0":{"name":"getConvertRate","decl":{"start":{"line":1,"column":22},"end":{"line":1,"column":36}},"loc":{"start":{"line":1,"column":39},"end":{"line":25,"column":1}},"line":1}},"branchMap":{"0":{"loc":{"start":{"line":14,"column":4},"end":{"line":18,"column":3}},"type":"if","locations":[{"start":{"line":14,"column":4},"end":{"line":18,"column":3}},{"start":{"line":16,"column":9},"end":{"line":18,"column":3}}],"line":14},"1":{"loc":{"start":{"line":20,"column":4},"end":{"line":22,"column":3}},"type":"if","locations":[{"start":{"line":20,"column":4},"end":{"line":22,"column":3}},{"start":{},"end":{}}],"line":20}},"s":{"0":2,"1":2,"2":2,"3":2,"4":2,"5":2,"6":2,"7":1,"8":1,"9":1,"10":1,"11":0},"f":{"0":2},"b":{"0":[1,1],"1":[1,0]},"_coverageSchema":"1a1c01bbd47fc00a2c39e90264f33305004495a9","hash":"cc77bb07d33c202f9aebdc29d3cba39348c1f1dd"}
,"/Users/Calvin/Next Academy/luno-premium/lib/luno-myr.js": {"path":"/Users/Calvin/Next Academy/luno-premium/lib/luno-myr.js","statementMap":{"0":{"start":{"line":2,"column":2},"end":{"line":15,"column":1}},"1":{"start":{"line":3,"column":30},"end":{"line":3,"column":90}},"2":{"start":{"line":4,"column":4},"end":{"line":9,"column":5}},"3":{"start":{"line":5,"column":31},"end":{"line":5,"column":61}},"4":{"start":{"line":6,"column":8},"end":{"line":6,"column":42}},"5":{"start":{"line":8,"column":8},"end":{"line":8,"column":28}},"6":{"start":{"line":11,"column":4},"end":{"line":13,"column":5}},"7":{"start":{"line":12,"column":8},"end":{"line":12,"column":78}},"8":{"start":{"line":14,"column":4},"end":{"line":14,"column":14}}},"fnMap":{"0":{"name":"getLunoXbtMyrRate","decl":{"start":{"line":1,"column":22},"end":{"line":1,"column":39}},"loc":{"start":{"line":1,"column":42},"end":{"line":16,"column":1}},"line":1}},"branchMap":{"0":{"loc":{"start":{"line":4,"column":4},"end":{"line":9,"column":5}},"type":"if","locations":[{"start":{"line":4,"column":4},"end":{"line":9,"column":5}},{"start":{"line":7,"column":11},"end":{"line":9,"column":5}}],"line":4},"1":{"loc":{"start":{"line":11,"column":4},"end":{"line":13,"column":5}},"type":"if","locations":[{"start":{"line":11,"column":4},"end":{"line":13,"column":5}},{"start":{},"end":{}}],"line":11}},"s":{"0":2,"1":2,"2":2,"3":1,"4":1,"5":1,"6":1,"7":1,"8":0},"f":{"0":2},"b":{"0":[1,1],"1":[1,0]},"_coverageSchema":"1a1c01bbd47fc00a2c39e90264f33305004495a9","hash":"34d1fe5b98d6e9c7fca63acf56d164785f17993a"}
}
