TN:
SF:index.js
FN:12,lunoPremiumProject
FNF:1
FNH:1
FNDA:2,lunoPremiumProject
DA:13,2
DA:14,2
DA:15,2
DA:16,2
DA:17,2
DA:18,2
DA:21,2
DA:22,2
DA:23,2
DA:24,2
DA:25,2
DA:26,2
DA:29,2
DA:33,1
LF:14
LH:14
BRF:0
BRH:0
end_of_record
TN:
SF:lib/binance.js
FN:5,getBinance
FNF:1
FNH:1
FNDA:2,getBinance
DA:6,2
DA:7,2
DA:8,2
DA:11,2
DA:12,0
DA:14,2
DA:18,2
DA:19,2
DA:21,0
LF:9
LH:7
BRDA:11,0,0,0
BRDA:11,0,1,2
BRDA:18,1,0,2
BRDA:18,1,1,0
BRF:4
BRH:2
end_of_record
TN:
SF:lib/calculation.js
FN:7,getLunoXbtUsdcRate
FN:30,getPriceDiff
FN:53,getLunoPremium
FNF:3
FNH:3
FNDA:7,getLunoXbtUsdcRate
FNDA:2,getPriceDiff
FNDA:2,getLunoPremium
DA:8,7
DA:10,7
DA:11,7
DA:12,7
DA:15,7
DA:16,7
DA:18,0
DA:22,0
DA:23,0
DA:25,0
DA:31,2
DA:33,2
DA:34,2
DA:35,2
DA:38,2
DA:39,2
DA:41,0
DA:45,0
DA:46,0
DA:48,0
DA:54,2
DA:56,2
DA:57,2
DA:58,2
DA:61,2
DA:62,2
DA:64,0
DA:68,0
DA:69,0
DA:71,0
LF:30
LH:18
BRDA:15,0,0,7
BRDA:15,0,1,0
BRDA:22,1,0,0
BRDA:22,1,1,0
BRDA:38,2,0,2
BRDA:38,2,1,0
BRDA:45,3,0,0
BRDA:45,3,1,0
BRDA:61,4,0,2
BRDA:61,4,1,0
BRDA:68,5,0,0
BRDA:68,5,1,0
BRF:12
BRH:3
end_of_record
TN:
SF:lib/convert-rate.js
FN:2,getConvertRate
FNF:1
FNH:1
FNDA:2,getConvertRate
DA:4,2
DA:5,2
DA:8,2
DA:14,2
DA:16,2
DA:21,2
DA:24,2
DA:25,1
DA:27,1
DA:31,1
DA:33,1
DA:35,0
LF:12
LH:11
BRDA:24,0,0,1
BRDA:24,0,1,1
BRDA:31,1,0,1
BRDA:31,1,1,0
BRF:4
BRH:3
end_of_record
TN:
SF:lib/luno-myr.js
FN:2,getLunoXbtMyrRate
FNF:1
FNH:1
FNDA:2,getLunoXbtMyrRate
DA:3,2
DA:5,2
DA:10,2
DA:11,1
DA:12,1
DA:14,1
DA:18,1
DA:19,1
DA:21,0
LF:9
LH:8
BRDA:10,0,0,1
BRDA:10,0,1,1
BRDA:18,1,0,1
BRDA:18,1,1,0
BRF:4
BRH:3
end_of_record
