TN:
SF:index.js
FN:98,lunoPremiumProject
FNF:1
FNH:1
FNDA:2,lunoPremiumProject
DA:99,2
DA:100,2
DA:101,2
DA:102,2
DA:103,2
DA:104,2
DA:105,2
DA:106,2
DA:107,2
DA:108,2
DA:109,2
DA:110,2
DA:112,2
DA:114,1
LF:14
LH:14
BRF:0
BRH:0
end_of_record
TN:
SF:lib/binance.js
FN:3,getBinance
FNF:1
FNH:1
FNDA:2,getBinance
DA:4,2
DA:5,2
DA:6,2
DA:7,2
DA:8,0
DA:10,2
DA:13,2
DA:14,2
DA:16,0
LF:9
LH:7
BRDA:7,0,0,0
BRDA:7,0,1,2
BRDA:13,1,0,2
BRDA:13,1,1,0
BRF:4
BRH:2
end_of_record
TN:
SF:lib/calculation.js
FN:5,getLunoXbtUsdcRate
FN:24,getPriceDiff
FN:43,getLunoPremium
FNF:3
FNH:3
FNDA:7,getLunoXbtUsdcRate
FNDA:2,getPriceDiff
FNDA:2,getLunoPremium
DA:6,7
DA:7,7
DA:8,7
DA:9,7
DA:11,7
DA:12,7
DA:14,0
DA:17,0
DA:18,0
DA:20,0
DA:25,2
DA:26,2
DA:27,2
DA:28,2
DA:30,2
DA:31,2
DA:33,0
DA:36,0
DA:37,0
DA:39,0
DA:44,2
DA:45,2
DA:46,2
DA:47,2
DA:49,2
DA:50,2
DA:52,0
DA:55,0
DA:56,0
DA:58,0
LF:30
LH:18
BRDA:11,0,0,7
BRDA:11,0,1,0
BRDA:17,1,0,0
BRDA:17,1,1,0
BRDA:30,2,0,2
BRDA:30,2,1,0
BRDA:36,3,0,0
BRDA:36,3,1,0
BRDA:49,4,0,2
BRDA:49,4,1,0
BRDA:55,5,0,0
BRDA:55,5,1,0
BRF:12
BRH:3
end_of_record
TN:
SF:lib/convert-rate.js
FN:1,getConvertRate
FNF:1
FNH:1
FNDA:2,getConvertRate
DA:2,2
DA:3,2
DA:5,2
DA:11,2
DA:12,2
DA:13,2
DA:14,2
DA:15,1
DA:17,1
DA:20,1
DA:21,1
DA:23,0
LF:12
LH:11
BRDA:14,0,0,1
BRDA:14,0,1,1
BRDA:20,1,0,1
BRDA:20,1,1,0
BRF:4
BRH:3
end_of_record
TN:
SF:lib/luno-myr.js
FN:1,getLunoXbtMyrRate
FNF:1
FNH:1
FNDA:2,getLunoXbtMyrRate
DA:2,2
DA:3,2
DA:4,2
DA:5,1
DA:6,1
DA:8,1
DA:11,1
DA:12,1
DA:14,0
LF:9
LH:8
BRDA:4,0,0,1
BRDA:4,0,1,1
BRDA:11,1,0,1
BRDA:11,1,1,0
BRF:4
BRH:3
end_of_record
